<?xml version="1.0" encoding="UTF-8"?>
<!-- Generated by org.testng.reporters.JUnitReportReporter -->
<testsuite hostname="DESKTOP-08IFBHE" failures="0" tests="1" name="Testscript.Login_script" time="18.632" errors="0" timestamp="2023-04-26T23:37:20 IST" skipped="0">
  <testcase classname="Testscript.Login_script" name="test1" time="18.632"/>
  <system-out/>
</testsuite> <!-- Testscript.Login_script -->
